This file contains any messages produced by compilers while
running configure, to aid debugging if configure makes a mistake.

It was created by configure, which was
generated by GNU Autoconf 2.64.  Invocation command line was

  $ /home/projects/R7800-V1.0.0.40_gpl_src/build_dir/toolchain-arm_v7-a_gcc-4.6-linaro_uClibc-0.9.33.2_eabi/gdb-linaro-7.2-2011.03-0/sim/configure --cache-file=./config.cache --with-system-zlib --prefix=/home/projects/R7800-V1.0.0.40_gpl_src/staging_dir/toolchain-arm_v7-a_gcc-4.6-linaro_uClibc-0.9.33.2_eabi --disable-werror --disable-nls --without-uiout --disable-tui --disable-gdbtk --without-x --without-included-gettext --enable-threads --program-transform-name=s&^&arm-openwrt-linux-uclibcgnueabi-& --disable-option-checking --build=x86_64-linux-gnu --host=x86_64-linux-gnu --target=arm-openwrt-linux-uclibcgnueabi --srcdir=.././sim

## --------- ##
## Platform. ##
## --------- ##

hostname = kubuntu12
uname -m = x86_64
uname -r = 3.2.0-99-virtual
uname -s = Linux
uname -v = #139-Ubuntu SMP Mon Feb 1 23:52:21 UTC 2016

/usr/bin/uname -p = unknown
/bin/uname -X     = unknown

/bin/arch              = unknown
/usr/bin/arch -k       = unknown
/usr/convex/getsysinfo = unknown
/usr/bin/hostinfo      = unknown
/bin/machine           = unknown
/usr/bin/oslevel       = unknown
/bin/universe          = unknown

PATH: /home/projects/R7800-V1.0.0.40_gpl_src/staging_dir/toolchain-arm_v7-a_gcc-4.6-linaro_uClibc-0.9.33.2_eabi/bin
PATH: /home/projects/R7800-V1.0.0.40_gpl_src/staging_dir/host/bin
PATH: /home/projects/R7800-V1.0.0.40_gpl_src/staging_dir/toolchain-arm_v7-a_gcc-4.6-linaro_uClibc-0.9.33.2_eabi/bin
PATH: /home/projects/R7800-V1.0.0.40_gpl_src/staging_dir/host/bin
PATH: /home/projects/R7800-V1.0.0.40_gpl_src/staging_dir/toolchain-arm_v7-a_gcc-4.6-linaro_uClibc-0.9.33.2_eabi/bin
PATH: /home/projects/R7800-V1.0.0.40_gpl_src/staging_dir/host/bin
PATH: /usr/local/sbin
PATH: /usr/local/bin
PATH: /usr/sbin
PATH: /usr/bin
PATH: /sbin
PATH: /bin
PATH: /usr/games


## ----------- ##
## Core tests. ##
## ----------- ##

configure:1686: creating cache ./config.cache
configure:1771: checking for x86_64-linux-gnu-gcc
configure:1798: result: x86_64-linux-gnu-gcc
configure:2067: checking for C compiler version
configure:2076: x86_64-linux-gnu-gcc --version >&5
x86_64-linux-gnu-gcc (Ubuntu/Linaro 4.6.3-1ubuntu5) 4.6.3
Copyright (C) 2011 Free Software Foundation, Inc.
This is free software; see the source for copying conditions.  There is NO
warranty; not even for MERCHANTABILITY or FITNESS FOR A PARTICULAR PURPOSE.

configure:2087: $? = 0
configure:2076: x86_64-linux-gnu-gcc -v >&5
Using built-in specs.
COLLECT_GCC=x86_64-linux-gnu-gcc
COLLECT_LTO_WRAPPER=/usr/lib/gcc/x86_64-linux-gnu/4.6/lto-wrapper
Target: x86_64-linux-gnu
Configured with: ../src/configure -v --with-pkgversion='Ubuntu/Linaro 4.6.3-1ubuntu5' --with-bugurl=file:///usr/share/doc/gcc-4.6/README.Bugs --enable-languages=c,c++,fortran,objc,obj-c++ --prefix=/usr --program-suffix=-4.6 --enable-shared --enable-linker-build-id --with-system-zlib --libexecdir=/usr/lib --without-included-gettext --enable-threads=posix --with-gxx-include-dir=/usr/include/c++/4.6 --libdir=/usr/lib --enable-nls --with-sysroot=/ --enable-clocale=gnu --enable-libstdcxx-debug --enable-libstdcxx-time=yes --enable-gnu-unique-object --enable-plugin --enable-objc-gc --disable-werror --with-arch-32=i686 --with-tune=generic --enable-checking=release --build=x86_64-linux-gnu --host=x86_64-linux-gnu --target=x86_64-linux-gnu
Thread model: posix
gcc version 4.6.3 (Ubuntu/Linaro 4.6.3-1ubuntu5) 
configure:2087: $? = 0
configure:2076: x86_64-linux-gnu-gcc -V >&5
x86_64-linux-gnu-gcc: error: unrecognized option '-V'
x86_64-linux-gnu-gcc: fatal error: no input files
compilation terminated.
configure:2087: $? = 4
configure:2076: x86_64-linux-gnu-gcc -qversion >&5
x86_64-linux-gnu-gcc: error: unrecognized option '-qversion'
x86_64-linux-gnu-gcc: fatal error: no input files
compilation terminated.
configure:2087: $? = 4
configure:2107: checking for C compiler default output file name
configure:2129: x86_64-linux-gnu-gcc -O2    conftest.c  >&5
configure:2133: $? = 0
configure:2170: result: a.out
configure:2186: checking whether the C compiler works
configure:2195: ./a.out
configure:2199: $? = 0
configure:2214: result: yes
configure:2221: checking whether we are cross compiling
configure:2223: result: no
configure:2226: checking for suffix of executables
configure:2233: x86_64-linux-gnu-gcc -o conftest -O2    conftest.c  >&5
configure:2237: $? = 0
configure:2259: result: 
configure:2265: checking for suffix of object files
configure:2287: x86_64-linux-gnu-gcc -c -O2  conftest.c >&5
configure:2291: $? = 0
configure:2312: result: o
configure:2316: checking whether we are using the GNU C compiler
configure:2335: x86_64-linux-gnu-gcc -c -O2  conftest.c >&5
configure:2335: $? = 0
configure:2344: result: yes
configure:2353: checking whether x86_64-linux-gnu-gcc accepts -g
configure:2373: x86_64-linux-gnu-gcc -c -g  conftest.c >&5
configure:2373: $? = 0
configure:2414: result: yes
configure:2431: checking for x86_64-linux-gnu-gcc option to accept ISO C89
configure:2495: x86_64-linux-gnu-gcc  -c -O2  conftest.c >&5
configure:2495: $? = 0
configure:2508: result: none needed
configure:2565: checking for a BSD-compatible install
configure:2633: result: /usr/bin/install -c
configure:2647: checking for x86_64-linux-gnu-ar
configure:2674: result: ar
configure:2739: checking for x86_64-linux-gnu-ranlib
configure:2766: result: ranlib
configure:2833: checking build system type
configure:2847: result: x86_64-pc-linux-gnu
configure:2867: checking host system type
configure:2880: result: x86_64-pc-linux-gnu
configure:2900: checking target system type
configure:2913: result: arm-openwrt-linux-uclibcgnueabi
configure:2958: checking for x86_64-linux-gnu-gcc
configure:2985: result: x86_64-linux-gnu-gcc
configure:3254: checking for C compiler version
configure:3263: x86_64-linux-gnu-gcc --version >&5
x86_64-linux-gnu-gcc (Ubuntu/Linaro 4.6.3-1ubuntu5) 4.6.3
Copyright (C) 2011 Free Software Foundation, Inc.
This is free software; see the source for copying conditions.  There is NO
warranty; not even for MERCHANTABILITY or FITNESS FOR A PARTICULAR PURPOSE.

configure:3274: $? = 0
configure:3263: x86_64-linux-gnu-gcc -v >&5
Using built-in specs.
COLLECT_GCC=x86_64-linux-gnu-gcc
COLLECT_LTO_WRAPPER=/usr/lib/gcc/x86_64-linux-gnu/4.6/lto-wrapper
Target: x86_64-linux-gnu
Configured with: ../src/configure -v --with-pkgversion='Ubuntu/Linaro 4.6.3-1ubuntu5' --with-bugurl=file:///usr/share/doc/gcc-4.6/README.Bugs --enable-languages=c,c++,fortran,objc,obj-c++ --prefix=/usr --program-suffix=-4.6 --enable-shared --enable-linker-build-id --with-system-zlib --libexecdir=/usr/lib --without-included-gettext --enable-threads=posix --with-gxx-include-dir=/usr/include/c++/4.6 --libdir=/usr/lib --enable-nls --with-sysroot=/ --enable-clocale=gnu --enable-libstdcxx-debug --enable-libstdcxx-time=yes --enable-gnu-unique-object --enable-plugin --enable-objc-gc --disable-werror --with-arch-32=i686 --with-tune=generic --enable-checking=release --build=x86_64-linux-gnu --host=x86_64-linux-gnu --target=x86_64-linux-gnu
Thread model: posix
gcc version 4.6.3 (Ubuntu/Linaro 4.6.3-1ubuntu5) 
configure:3274: $? = 0
configure:3263: x86_64-linux-gnu-gcc -V >&5
x86_64-linux-gnu-gcc: error: unrecognized option '-V'
x86_64-linux-gnu-gcc: fatal error: no input files
compilation terminated.
configure:3274: $? = 4
configure:3263: x86_64-linux-gnu-gcc -qversion >&5
x86_64-linux-gnu-gcc: error: unrecognized option '-qversion'
x86_64-linux-gnu-gcc: fatal error: no input files
compilation terminated.
configure:3274: $? = 4
configure:3278: checking whether we are using the GNU C compiler
configure:3306: result: yes
configure:3315: checking whether x86_64-linux-gnu-gcc accepts -g
configure:3376: result: yes
configure:3393: checking for x86_64-linux-gnu-gcc option to accept ISO C89
configure:3470: result: none needed
configure:3497: checking for x86_64-linux-gnu-ranlib
configure:3524: result: ranlib
configure:3896: updating cache ./config.cache
configure:3969: creating ./config.status

## ---------------------- ##
## Running config.status. ##
## ---------------------- ##

This file was extended by config.status, which was
generated by GNU Autoconf 2.64.  Invocation command line was

  CONFIG_FILES    = 
  CONFIG_HEADERS  = 
  CONFIG_LINKS    = 
  CONFIG_COMMANDS = 
  $ ./config.status 

on kubuntu12

config.status:740: creating Makefile
configure:5036: === configuring in arm (/home/projects/R7800-V1.0.0.40_gpl_src/build_dir/toolchain-arm_v7-a_gcc-4.6-linaro_uClibc-0.9.33.2_eabi/gdb-linaro-7.2-2011.03-0/sim/arm)
configure:5099: running /bin/bash ./configure --disable-option-checking '--prefix=/home/projects/R7800-V1.0.0.40_gpl_src/staging_dir/toolchain-arm_v7-a_gcc-4.6-linaro_uClibc-0.9.33.2_eabi'  '--with-system-zlib' '--disable-werror' '--disable-nls' '--without-uiout' '--disable-tui' '--disable-gdbtk' '--without-x' '--without-included-gettext' '--enable-threads' '--program-transform-name=s&^&arm-openwrt-linux-uclibcgnueabi-&' '--build=x86_64-linux-gnu' '--host=x86_64-linux-gnu' '--target=arm-openwrt-linux-uclibcgnueabi' 'build_alias=x86_64-linux-gnu' 'host_alias=x86_64-linux-gnu' 'target_alias=arm-openwrt-linux-uclibcgnueabi' 'CC=x86_64-linux-gnu-gcc' 'CFLAGS=-O2' 'LDFLAGS= ' --cache-file=.././config.cache --srcdir=.
configure:5036: === configuring in testsuite (/home/projects/R7800-V1.0.0.40_gpl_src/build_dir/toolchain-arm_v7-a_gcc-4.6-linaro_uClibc-0.9.33.2_eabi/gdb-linaro-7.2-2011.03-0/sim/testsuite)
configure:5099: running /bin/bash ./configure --disable-option-checking '--prefix=/home/projects/R7800-V1.0.0.40_gpl_src/staging_dir/toolchain-arm_v7-a_gcc-4.6-linaro_uClibc-0.9.33.2_eabi'  '--with-system-zlib' '--disable-werror' '--disable-nls' '--without-uiout' '--disable-tui' '--disable-gdbtk' '--without-x' '--without-included-gettext' '--enable-threads' '--program-transform-name=s&^&arm-openwrt-linux-uclibcgnueabi-&' '--build=x86_64-linux-gnu' '--host=x86_64-linux-gnu' '--target=arm-openwrt-linux-uclibcgnueabi' 'build_alias=x86_64-linux-gnu' 'host_alias=x86_64-linux-gnu' 'target_alias=arm-openwrt-linux-uclibcgnueabi' 'CC=x86_64-linux-gnu-gcc' 'CFLAGS=-O2' 'LDFLAGS= ' --cache-file=.././config.cache --srcdir=.
configure:5036: === configuring in common (/home/projects/R7800-V1.0.0.40_gpl_src/build_dir/toolchain-arm_v7-a_gcc-4.6-linaro_uClibc-0.9.33.2_eabi/gdb-linaro-7.2-2011.03-0/sim/common)
configure:5099: running /bin/bash ./configure --disable-option-checking '--prefix=/home/projects/R7800-V1.0.0.40_gpl_src/staging_dir/toolchain-arm_v7-a_gcc-4.6-linaro_uClibc-0.9.33.2_eabi'  '--with-system-zlib' '--disable-werror' '--disable-nls' '--without-uiout' '--disable-tui' '--disable-gdbtk' '--without-x' '--without-included-gettext' '--enable-threads' '--program-transform-name=s&^&arm-openwrt-linux-uclibcgnueabi-&' '--build=x86_64-linux-gnu' '--host=x86_64-linux-gnu' '--target=arm-openwrt-linux-uclibcgnueabi' 'build_alias=x86_64-linux-gnu' 'host_alias=x86_64-linux-gnu' 'target_alias=arm-openwrt-linux-uclibcgnueabi' 'CC=x86_64-linux-gnu-gcc' 'CFLAGS=-O2' 'LDFLAGS= ' --cache-file=.././config.cache --srcdir=.

## ---------------- ##
## Cache variables. ##
## ---------------- ##

ac_cv_build=x86_64-pc-linux-gnu
ac_cv_c_compiler_gnu=yes
ac_cv_env_CC_set=set
ac_cv_env_CC_value=x86_64-linux-gnu-gcc
ac_cv_env_CFLAGS_set=set
ac_cv_env_CFLAGS_value=-O2
ac_cv_env_CPPFLAGS_set=
ac_cv_env_CPPFLAGS_value=
ac_cv_env_LDFLAGS_set=set
ac_cv_env_LDFLAGS_value=' '
ac_cv_env_LIBS_set=
ac_cv_env_LIBS_value=
ac_cv_env_build_alias_set=set
ac_cv_env_build_alias_value=x86_64-linux-gnu
ac_cv_env_host_alias_set=set
ac_cv_env_host_alias_value=x86_64-linux-gnu
ac_cv_env_target_alias_set=set
ac_cv_env_target_alias_value=arm-openwrt-linux-uclibcgnueabi
ac_cv_host=x86_64-pc-linux-gnu
ac_cv_objext=o
ac_cv_prog_AR=ar
ac_cv_prog_CC=x86_64-linux-gnu-gcc
ac_cv_prog_RANLIB=ranlib
ac_cv_prog_cc_c89=
ac_cv_prog_cc_g=yes
ac_cv_target=arm-openwrt-linux-uclibcgnueabi

## ----------------- ##
## Output variables. ##
## ----------------- ##

AR='ar'
CC='x86_64-linux-gnu-gcc'
CC_FOR_BUILD='$(CC)'
CFLAGS='-O2'
CFLAGS_FOR_BUILD='-O2'
CPPFLAGS=''
DEFS='-DPACKAGE_NAME=\"\" -DPACKAGE_TARNAME=\"\" -DPACKAGE_VERSION=\"\" -DPACKAGE_STRING=\"\" -DPACKAGE_BUGREPORT=\"\" -DPACKAGE_URL=\"\"'
ECHO_C=''
ECHO_N='-n'
ECHO_T=''
EXEEXT=''
HDEFINES=''
INSTALL_DATA='/usr/bin/install -c -m 644'
INSTALL_PROGRAM='/usr/bin/install -c'
INSTALL_SCRIPT='/usr/bin/install -c'
LDFLAGS=' '
LIBOBJS=''
LIBS=''
LTLIBOBJS=''
OBJEXT='o'
PACKAGE_BUGREPORT=''
PACKAGE_NAME=''
PACKAGE_STRING=''
PACKAGE_TARNAME=''
PACKAGE_URL=''
PACKAGE_VERSION=''
PATH_SEPARATOR=':'
RANLIB='ranlib'
SHELL='/bin/bash'
ac_ct_CC=''
bindir='${exec_prefix}/bin'
build='x86_64-pc-linux-gnu'
build_alias='x86_64-linux-gnu'
build_cpu='x86_64'
build_os='linux-gnu'
build_vendor='pc'
datadir='${datarootdir}'
datarootdir='${prefix}/share'
docdir='${datarootdir}/doc/${PACKAGE}'
dvidir='${docdir}'
exec_prefix='${prefix}'
host='x86_64-pc-linux-gnu'
host_alias='x86_64-linux-gnu'
host_cpu='x86_64'
host_os='linux-gnu'
host_vendor='pc'
htmldir='${docdir}'
includedir='${prefix}/include'
infodir='${datarootdir}/info'
libdir='${exec_prefix}/lib'
libexecdir='${exec_prefix}/libexec'
localedir='${datarootdir}/locale'
localstatedir='${prefix}/var'
mandir='${datarootdir}/man'
oldincludedir='/usr/include'
pdfdir='${docdir}'
prefix='/home/projects/R7800-V1.0.0.40_gpl_src/staging_dir/toolchain-arm_v7-a_gcc-4.6-linaro_uClibc-0.9.33.2_eabi'
program_transform_name='s&^&arm-openwrt-linux-uclibcgnueabi-&'
psdir='${docdir}'
sbindir='${exec_prefix}/sbin'
sharedstatedir='${prefix}/com'
sim_arch='arm'
subdirs=' arm testsuite common'
sysconfdir='${prefix}/etc'
target='arm-openwrt-linux-uclibcgnueabi'
target_alias='arm-openwrt-linux-uclibcgnueabi'
target_cpu='arm'
target_os='linux-uclibcgnueabi'
target_vendor='openwrt'

## ----------- ##
## confdefs.h. ##
## ----------- ##

/* confdefs.h */
#define PACKAGE_NAME ""
#define PACKAGE_TARNAME ""
#define PACKAGE_VERSION ""
#define PACKAGE_STRING ""
#define PACKAGE_BUGREPORT ""
#define PACKAGE_URL ""

configure: exit 0
