This file contains any messages produced by compilers while
running configure, to aid debugging if configure makes a mistake.

It was created by mklibs configure 0.1.32, which was
generated by GNU Autoconf 2.67.  Invocation command line was

  $ ./configure CC=gcc CFLAGS=-O2 -I/home/projects/R7800-V1.0.0.40_gpl_src/staging_dir/host/include -I/home/projects/R7800-V1.0.0.40_gpl_src/tools/mklibs/include CPPFLAGS=-I/home/projects/R7800-V1.0.0.40_gpl_src/staging_dir/host/include LDFLAGS=-L/home/projects/R7800-V1.0.0.40_gpl_src/staging_dir/host/lib  SHELL=/bin/bash --target=x86_64-linux-gnu --host=x86_64-linux-gnu --build=x86_64-linux-gnu --program-prefix= --program-suffix= --prefix=/home/projects/R7800-V1.0.0.40_gpl_src/staging_dir/host --exec-prefix=/home/projects/R7800-V1.0.0.40_gpl_src/staging_dir/host --sysconfdir=/home/projects/R7800-V1.0.0.40_gpl_src/staging_dir/host/etc --localstatedir=/home/projects/R7800-V1.0.0.40_gpl_src/staging_dir/host/var --sbindir=/home/projects/R7800-V1.0.0.40_gpl_src/staging_dir/host/bin

## --------- ##
## Platform. ##
## --------- ##

hostname = kubuntu12
uname -m = x86_64
uname -r = 3.2.0-99-virtual
uname -s = Linux
uname -v = #139-Ubuntu SMP Mon Feb 1 23:52:21 UTC 2016

/usr/bin/uname -p = unknown
/bin/uname -X     = unknown

/bin/arch              = unknown
/usr/bin/arch -k       = unknown
/usr/convex/getsysinfo = unknown
/usr/bin/hostinfo      = unknown
/bin/machine           = unknown
/usr/bin/oslevel       = unknown
/bin/universe          = unknown

PATH: /home/projects/R7800-V1.0.0.40_gpl_src/staging_dir/toolchain-arm_v7-a_gcc-4.6-linaro_uClibc-0.9.33.2_eabi/bin
PATH: /home/projects/R7800-V1.0.0.40_gpl_src/staging_dir/host/bin
PATH: /home/projects/R7800-V1.0.0.40_gpl_src/staging_dir/toolchain-arm_v7-a_gcc-4.6-linaro_uClibc-0.9.33.2_eabi/bin
PATH: /home/projects/R7800-V1.0.0.40_gpl_src/staging_dir/host/bin
PATH: /home/projects/R7800-V1.0.0.40_gpl_src/staging_dir/toolchain-arm_v7-a_gcc-4.6-linaro_uClibc-0.9.33.2_eabi/bin
PATH: /home/projects/R7800-V1.0.0.40_gpl_src/staging_dir/host/bin
PATH: /usr/local/sbin
PATH: /usr/local/bin
PATH: /usr/sbin
PATH: /usr/bin
PATH: /sbin
PATH: /bin
PATH: /usr/games


## ----------- ##
## Core tests. ##
## ----------- ##

configure:1816: checking for a BSD-compatible install
configure:1884: result: /usr/bin/install -c
configure:1895: checking whether build environment is sane
configure:1945: result: yes
configure:2086: checking for a thread-safe mkdir -p
configure:2125: result: /bin/mkdir -p
configure:2138: checking for gawk
configure:2168: result: no
configure:2138: checking for mawk
configure:2154: found /usr/bin/mawk
configure:2165: result: mawk
configure:2176: checking whether make sets $(MAKE)
configure:2198: result: yes
configure:2272: checking whether to enable maintainer-specific portions of Makefiles
configure:2281: result: no
configure:2299: checking build system type
configure:2313: result: x86_64-pc-linux-gnu
configure:2333: checking host system type
configure:2346: result: x86_64-pc-linux-gnu
configure:2366: checking target system type
configure:2379: result: x86_64-pc-linux-gnu
configure:2420: checking for x86_64-linux-gnu-g++
configure:2450: result: no
configure:2420: checking for x86_64-linux-gnu-c++
configure:2450: result: no
configure:2420: checking for x86_64-linux-gnu-gpp
configure:2450: result: no
configure:2420: checking for x86_64-linux-gnu-aCC
configure:2450: result: no
configure:2420: checking for x86_64-linux-gnu-CC
configure:2450: result: no
configure:2420: checking for x86_64-linux-gnu-cxx
configure:2450: result: no
configure:2420: checking for x86_64-linux-gnu-cc++
configure:2450: result: no
configure:2420: checking for x86_64-linux-gnu-cl.exe
configure:2450: result: no
configure:2420: checking for x86_64-linux-gnu-FCC
configure:2450: result: no
configure:2420: checking for x86_64-linux-gnu-KCC
configure:2450: result: no
configure:2420: checking for x86_64-linux-gnu-RCC
configure:2450: result: no
configure:2420: checking for x86_64-linux-gnu-xlC_r
configure:2450: result: no
configure:2420: checking for x86_64-linux-gnu-xlC
configure:2450: result: no
configure:2464: checking for g++
configure:2494: result: no
configure:2464: checking for c++
configure:2480: found /usr/bin/c++
configure:2491: result: c++
configure:2518: checking for C++ compiler version
configure:2527: c++ --version >&5
Ubuntu clang version 3.4-1ubuntu3~precise2 (tags/RELEASE_34/final) (based on LLVM 3.4)
Target: x86_64-pc-linux-gnu
Thread model: posix
configure:2538: $? = 0
configure:2527: c++ -v >&5
Ubuntu clang version 3.4-1ubuntu3~precise2 (tags/RELEASE_34/final) (based on LLVM 3.4)
Target: x86_64-pc-linux-gnu
Thread model: posix
Found candidate GCC installation: /usr/bin/../lib/gcc/i686-linux-gnu/4.6
Found candidate GCC installation: /usr/bin/../lib/gcc/i686-linux-gnu/4.6.3
Found candidate GCC installation: /usr/bin/../lib/gcc/x86_64-linux-gnu/4.6
Found candidate GCC installation: /usr/bin/../lib/gcc/x86_64-linux-gnu/4.6.3
Found candidate GCC installation: /usr/lib/gcc/i686-linux-gnu/4.6
Found candidate GCC installation: /usr/lib/gcc/i686-linux-gnu/4.6.3
Found candidate GCC installation: /usr/lib/gcc/x86_64-linux-gnu/4.6
... rest of stderr output deleted ...
configure:2538: $? = 0
configure:2527: c++ -V >&5
clang: error: argument to '-V' is missing (expected 1 value)
clang: error: no input files
configure:2538: $? = 1
configure:2527: c++ -qversion >&5
clang: error: unknown argument: '-qversion'
clang: error: no input files
configure:2538: $? = 1
configure:2558: checking whether the C++ compiler works
configure:2580: c++  -I/home/projects/R7800-V1.0.0.40_gpl_src/staging_dir/host/include -L/home/projects/R7800-V1.0.0.40_gpl_src/staging_dir/host/lib  conftest.cpp  >&5
configure:2584: $? = 0
configure:2632: result: yes
configure:2635: checking for C++ compiler default output file name
configure:2637: result: a.out
configure:2643: checking for suffix of executables
configure:2650: c++ -o conftest  -I/home/projects/R7800-V1.0.0.40_gpl_src/staging_dir/host/include -L/home/projects/R7800-V1.0.0.40_gpl_src/staging_dir/host/lib  conftest.cpp  >&5
configure:2654: $? = 0
configure:2676: result: 
configure:2698: checking whether we are cross compiling
configure:2706: c++ -o conftest  -I/home/projects/R7800-V1.0.0.40_gpl_src/staging_dir/host/include -L/home/projects/R7800-V1.0.0.40_gpl_src/staging_dir/host/lib  conftest.cpp  >&5
configure:2710: $? = 0
configure:2717: ./conftest
configure:2721: $? = 0
configure:2736: result: no
configure:2741: checking for suffix of object files
configure:2763: c++ -c  -I/home/projects/R7800-V1.0.0.40_gpl_src/staging_dir/host/include conftest.cpp >&5
configure:2767: $? = 0
configure:2788: result: o
configure:2792: checking whether we are using the GNU C++ compiler
configure:2811: c++ -c  -I/home/projects/R7800-V1.0.0.40_gpl_src/staging_dir/host/include conftest.cpp >&5
configure:2811: $? = 0
configure:2820: result: yes
configure:2829: checking whether c++ accepts -g
configure:2849: c++ -c -g -I/home/projects/R7800-V1.0.0.40_gpl_src/staging_dir/host/include conftest.cpp >&5
configure:2849: $? = 0
configure:2890: result: yes
configure:2924: checking for style of include used by make
configure:2952: result: GNU
configure:2977: checking dependency style of c++
configure:3087: result: gcc3
configure:3229: creating ./config.status

## ---------------------- ##
## Running config.status. ##
## ---------------------- ##

This file was extended by mklibs config.status 0.1.32, which was
generated by GNU Autoconf 2.67.  Invocation command line was

  CONFIG_FILES    = 
  CONFIG_HEADERS  = 
  CONFIG_LINKS    = 
  CONFIG_COMMANDS = 
  $ ./config.status 

on kubuntu12

config.status:861: creating Makefile
config.status:861: creating lib/Makefile
config.status:861: creating lib/mklibs/Makefile
config.status:861: creating lib/mklibs/utils/Makefile
config.status:861: creating src/Makefile
config.status:861: creating src/mklibs-readelf/Makefile
config.status:861: creating config.h
config.status:1089: executing depfiles commands

## ---------------- ##
## Cache variables. ##
## ---------------- ##

ac_cv_build=x86_64-pc-linux-gnu
ac_cv_cxx_compiler_gnu=yes
ac_cv_env_CCC_set=
ac_cv_env_CCC_value=
ac_cv_env_CPPFLAGS_set=set
ac_cv_env_CPPFLAGS_value=-I/home/projects/R7800-V1.0.0.40_gpl_src/staging_dir/host/include
ac_cv_env_CXXFLAGS_set=
ac_cv_env_CXXFLAGS_value=
ac_cv_env_CXX_set=
ac_cv_env_CXX_value=
ac_cv_env_LDFLAGS_set=set
ac_cv_env_LDFLAGS_value='-L/home/projects/R7800-V1.0.0.40_gpl_src/staging_dir/host/lib '
ac_cv_env_LIBS_set=
ac_cv_env_LIBS_value=
ac_cv_env_build_alias_set=set
ac_cv_env_build_alias_value=x86_64-linux-gnu
ac_cv_env_host_alias_set=set
ac_cv_env_host_alias_value=x86_64-linux-gnu
ac_cv_env_target_alias_set=set
ac_cv_env_target_alias_value=x86_64-linux-gnu
ac_cv_host=x86_64-pc-linux-gnu
ac_cv_objext=o
ac_cv_path_install='/usr/bin/install -c'
ac_cv_path_mkdir=/bin/mkdir
ac_cv_prog_AWK=mawk
ac_cv_prog_ac_ct_CXX=c++
ac_cv_prog_cxx_g=yes
ac_cv_prog_make_make_set=yes
ac_cv_target=x86_64-pc-linux-gnu
am_cv_CXX_dependencies_compiler_type=gcc3

## ----------------- ##
## Output variables. ##
## ----------------- ##

ACLOCAL='${SHELL} /home/projects/R7800-V1.0.0.40_gpl_src/build_dir/host/mklibs-0.1.34/missing --run aclocal-1.11'
AMDEPBACKSLASH='\'
AMDEP_FALSE='#'
AMDEP_TRUE=''
AMTAR='${SHELL} /home/projects/R7800-V1.0.0.40_gpl_src/build_dir/host/mklibs-0.1.34/missing --run tar'
AUTOCONF='${SHELL} /home/projects/R7800-V1.0.0.40_gpl_src/build_dir/host/mklibs-0.1.34/missing --run autoconf'
AUTOHEADER='${SHELL} /home/projects/R7800-V1.0.0.40_gpl_src/build_dir/host/mklibs-0.1.34/missing --run autoheader'
AUTOMAKE='${SHELL} /home/projects/R7800-V1.0.0.40_gpl_src/build_dir/host/mklibs-0.1.34/missing --run automake-1.11'
AWK='mawk'
CPPFLAGS='-I/home/projects/R7800-V1.0.0.40_gpl_src/staging_dir/host/include'
CXX='c++'
CXXDEPMODE='depmode=gcc3'
CXXFLAGS='-g -O2'
CYGPATH_W='echo'
DEFS='-DHAVE_CONFIG_H'
DEPDIR='.deps'
ECHO_C=''
ECHO_N='-n'
ECHO_T=''
EXEEXT=''
INSTALL_DATA='${INSTALL} -m 644'
INSTALL_PROGRAM='${INSTALL}'
INSTALL_SCRIPT='${INSTALL}'
INSTALL_STRIP_PROGRAM='$(install_sh) -c -s'
LDFLAGS='-L/home/projects/R7800-V1.0.0.40_gpl_src/staging_dir/host/lib '
LIBOBJS=''
LIBS=''
LTLIBOBJS=''
MAINT='#'
MAINTAINER_MODE_FALSE=''
MAINTAINER_MODE_TRUE='#'
MAKEINFO='${SHELL} /home/projects/R7800-V1.0.0.40_gpl_src/build_dir/host/mklibs-0.1.34/missing --run makeinfo'
MKDIR_P='/bin/mkdir -p'
OBJEXT='o'
PACKAGE='mklibs'
PACKAGE_BUGREPORT=''
PACKAGE_NAME='mklibs'
PACKAGE_STRING='mklibs 0.1.32'
PACKAGE_TARNAME='mklibs'
PACKAGE_URL=''
PACKAGE_VERSION='0.1.32'
PATH_SEPARATOR=':'
SET_MAKE=''
SHELL='/bin/bash'
STRIP=''
VERSION='0.1.32'
ac_ct_CXX='c++'
am__EXEEXT_FALSE=''
am__EXEEXT_TRUE='#'
am__fastdepCXX_FALSE='#'
am__fastdepCXX_TRUE=''
am__include='include'
am__isrc=''
am__leading_dot='.'
am__quote=''
am__tar='${AMTAR} chof - "$$tardir"'
am__untar='${AMTAR} xf -'
bindir='${exec_prefix}/bin'
build='x86_64-pc-linux-gnu'
build_alias='x86_64-linux-gnu'
build_cpu='x86_64'
build_os='linux-gnu'
build_vendor='pc'
datadir='${datarootdir}'
datarootdir='${prefix}/share'
docdir='${datarootdir}/doc/${PACKAGE_TARNAME}'
dvidir='${docdir}'
exec_prefix='/home/projects/R7800-V1.0.0.40_gpl_src/staging_dir/host'
host='x86_64-pc-linux-gnu'
host_alias='x86_64-linux-gnu'
host_cpu='x86_64'
host_os='linux-gnu'
host_vendor='pc'
htmldir='${docdir}'
includedir='${prefix}/include'
infodir='${datarootdir}/info'
install_sh='${SHELL} /home/projects/R7800-V1.0.0.40_gpl_src/build_dir/host/mklibs-0.1.34/install-sh'
libdir='${exec_prefix}/lib'
libexecdir='${exec_prefix}/libexec'
localedir='${datarootdir}/locale'
localstatedir='/home/projects/R7800-V1.0.0.40_gpl_src/staging_dir/host/var'
mandir='${datarootdir}/man'
mkdir_p='/bin/mkdir -p'
oldincludedir='/usr/include'
pdfdir='${docdir}'
prefix='/home/projects/R7800-V1.0.0.40_gpl_src/staging_dir/host'
program_transform_name='s&$$&&;s&^&&'
psdir='${docdir}'
sbindir='/home/projects/R7800-V1.0.0.40_gpl_src/staging_dir/host/bin'
sharedstatedir='${prefix}/com'
sysconfdir='/home/projects/R7800-V1.0.0.40_gpl_src/staging_dir/host/etc'
target='x86_64-pc-linux-gnu'
target_alias='x86_64-linux-gnu'
target_cpu='x86_64'
target_os='linux-gnu'
target_vendor='pc'

## ----------- ##
## confdefs.h. ##
## ----------- ##

/* confdefs.h */
#define PACKAGE_NAME "mklibs"
#define PACKAGE_TARNAME "mklibs"
#define PACKAGE_VERSION "0.1.32"
#define PACKAGE_STRING "mklibs 0.1.32"
#define PACKAGE_BUGREPORT ""
#define PACKAGE_URL ""

configure: exit 0
