This file contains any messages produced by compilers while
running configure, to aid debugging if configure makes a mistake.

It was created by configure, which was
generated by GNU Autoconf 2.61.  Invocation command line was

  $ ./configure --prefix=/home/projects/R7800-V1.0.0.40_gpl_src/staging_dir/host CC=gcc CFLAGS=-O2 -I/home/projects/R7800-V1.0.0.40_gpl_src/staging_dir/host/include CPPFLAGS=-I/home/projects/R7800-V1.0.0.40_gpl_src/staging_dir/host/include LDFLAGS=-L/home/projects/R7800-V1.0.0.40_gpl_src/staging_dir/host/lib SHELL=/bin/bash --target=x86_64-linux-gnu --host=x86_64-linux-gnu --build=x86_64-linux-gnu --program-prefix= --program-suffix= --exec-prefix=/home/projects/R7800-V1.0.0.40_gpl_src/staging_dir/host --sysconfdir=/home/projects/R7800-V1.0.0.40_gpl_src/staging_dir/host/etc --localstatedir=/home/projects/R7800-V1.0.0.40_gpl_src/staging_dir/host/var --sbindir=/home/projects/R7800-V1.0.0.40_gpl_src/staging_dir/host/bin build_alias=x86_64-linux-gnu host_alias=x86_64-linux-gnu target_alias=x86_64-linux-gnu --cache-file=/dev/null --srcdir=.

## --------- ##
## Platform. ##
## --------- ##

hostname = kubuntu12
uname -m = x86_64
uname -r = 3.2.0-99-virtual
uname -s = Linux
uname -v = #139-Ubuntu SMP Mon Feb 1 23:52:21 UTC 2016

/usr/bin/uname -p = unknown
/bin/uname -X     = unknown

/bin/arch              = unknown
/usr/bin/arch -k       = unknown
/usr/convex/getsysinfo = unknown
/usr/bin/hostinfo      = unknown
/bin/machine           = unknown
/usr/bin/oslevel       = unknown
/bin/universe          = unknown

PATH: /home/projects/R7800-V1.0.0.40_gpl_src/staging_dir/toolchain-arm_v7-a_gcc-4.6-linaro_uClibc-0.9.33.2_eabi/bin
PATH: /home/projects/R7800-V1.0.0.40_gpl_src/staging_dir/host/bin
PATH: /home/projects/R7800-V1.0.0.40_gpl_src/staging_dir/toolchain-arm_v7-a_gcc-4.6-linaro_uClibc-0.9.33.2_eabi/bin
PATH: /home/projects/R7800-V1.0.0.40_gpl_src/staging_dir/host/bin
PATH: /home/projects/R7800-V1.0.0.40_gpl_src/staging_dir/toolchain-arm_v7-a_gcc-4.6-linaro_uClibc-0.9.33.2_eabi/bin
PATH: /home/projects/R7800-V1.0.0.40_gpl_src/staging_dir/host/bin
PATH: /usr/local/sbin
PATH: /usr/local/bin
PATH: /usr/sbin
PATH: /usr/bin
PATH: /sbin
PATH: /bin
PATH: /usr/games


## ----------- ##
## Core tests. ##
## ----------- ##

configure:1614: checking whether make sets $(MAKE)
configure:1635: result: yes
configure:1654: checking for a BSD compatible install
configure:1696: result: /usr/bin/install -c
configure:1840: creating ./config.status

## ---------------------- ##
## Running config.status. ##
## ---------------------- ##

This file was extended by config.status, which was
generated by GNU Autoconf 2.61.  Invocation command line was

  CONFIG_FILES    = 
  CONFIG_HEADERS  = 
  CONFIG_LINKS    = 
  CONFIG_COMMANDS = 
  $ ./config.status 

on kubuntu12

config.status:569: creating Makefile

## ---------------- ##
## Cache variables. ##
## ---------------- ##

ac_cv_env_build_alias_set=set
ac_cv_env_build_alias_value=x86_64-linux-gnu
ac_cv_env_host_alias_set=set
ac_cv_env_host_alias_value=x86_64-linux-gnu
ac_cv_env_target_alias_set=set
ac_cv_env_target_alias_value=x86_64-linux-gnu
ac_cv_prog_make_make_set=yes
cl_cv_path_install='/usr/bin/install -c'

## ----------------- ##
## Output variables. ##
## ----------------- ##

DEFS='-DPACKAGE_NAME=\"\" -DPACKAGE_TARNAME=\"\" -DPACKAGE_VERSION=\"\" -DPACKAGE_STRING=\"\" -DPACKAGE_BUGREPORT=\"\"'
ECHO_C=''
ECHO_N='-n'
ECHO_T=''
INSTALL='/usr/bin/install -c'
INSTALL_DATA='$(INSTALL) -m 644'
INSTALL_PROGRAM='$(INSTALL)'
LIBOBJS=''
LIBS=''
LTLIBOBJS=''
PACKAGE='gperf'
PACKAGE_BUGREPORT=''
PACKAGE_NAME=''
PACKAGE_STRING=''
PACKAGE_TARNAME=''
PACKAGE_VERSION=''
PATH_SEPARATOR=':'
SET_MAKE=''
SHELL='/bin/bash'
bindir='${exec_prefix}/bin'
build_alias='x86_64-linux-gnu'
datadir='${datarootdir}'
datarootdir='${prefix}/share'
docdir='${datarootdir}/doc/${PACKAGE}'
dvidir='${docdir}'
exec_prefix='/home/projects/R7800-V1.0.0.40_gpl_src/staging_dir/host'
host_alias='x86_64-linux-gnu'
htmldir='${docdir}'
includedir='${prefix}/include'
infodir='${datarootdir}/info'
libdir='${exec_prefix}/lib'
libexecdir='${exec_prefix}/libexec'
localedir='${datarootdir}/locale'
localstatedir='/home/projects/R7800-V1.0.0.40_gpl_src/staging_dir/host/var'
mandir='${datarootdir}/man'
oldincludedir='/usr/include'
pdfdir='${docdir}'
prefix='/home/projects/R7800-V1.0.0.40_gpl_src/staging_dir/host'
program_transform_name='s,x,x,'
psdir='${docdir}'
sbindir='/home/projects/R7800-V1.0.0.40_gpl_src/staging_dir/host/bin'
sharedstatedir='${prefix}/com'
sysconfdir='/home/projects/R7800-V1.0.0.40_gpl_src/staging_dir/host/etc'
target_alias='x86_64-linux-gnu'

## ----------- ##
## confdefs.h. ##
## ----------- ##

#define PACKAGE_NAME ""
#define PACKAGE_TARNAME ""
#define PACKAGE_VERSION ""
#define PACKAGE_STRING ""
#define PACKAGE_BUGREPORT ""

configure: exit 0
