This file contains any messages produced by compilers while
running configure, to aid debugging if configure makes a mistake.

It was created by configure, which was
generated by GNU Autoconf 2.64.  Invocation command line was

  $ ./configure --disable-option-checking --prefix=/home/projects/R7800-V1.0.0.40_gpl_src/staging_dir/toolchain-arm_v7-a_gcc-4.6-linaro_uClibc-0.9.33.2_eabi --with-system-zlib --disable-werror --disable-nls --without-uiout --disable-tui --disable-gdbtk --without-x --without-included-gettext --enable-threads --program-transform-name=s&^&arm-openwrt-linux-uclibcgnueabi-& --build=x86_64-linux-gnu --host=x86_64-linux-gnu --target=arm-openwrt-linux-uclibcgnueabi build_alias=x86_64-linux-gnu host_alias=x86_64-linux-gnu target_alias=arm-openwrt-linux-uclibcgnueabi CC=x86_64-linux-gnu-gcc CFLAGS=-O2 LDFLAGS=  --cache-file=.././config.cache --srcdir=.

## --------- ##
## Platform. ##
## --------- ##

hostname = kubuntu12
uname -m = x86_64
uname -r = 3.2.0-99-virtual
uname -s = Linux
uname -v = #139-Ubuntu SMP Mon Feb 1 23:52:21 UTC 2016

/usr/bin/uname -p = unknown
/bin/uname -X     = unknown

/bin/arch              = unknown
/usr/bin/arch -k       = unknown
/usr/convex/getsysinfo = unknown
/usr/bin/hostinfo      = unknown
/bin/machine           = unknown
/usr/bin/oslevel       = unknown
/bin/universe          = unknown

PATH: /home/projects/R7800-V1.0.0.40_gpl_src/staging_dir/toolchain-arm_v7-a_gcc-4.6-linaro_uClibc-0.9.33.2_eabi/bin
PATH: /home/projects/R7800-V1.0.0.40_gpl_src/staging_dir/host/bin
PATH: /home/projects/R7800-V1.0.0.40_gpl_src/staging_dir/toolchain-arm_v7-a_gcc-4.6-linaro_uClibc-0.9.33.2_eabi/bin
PATH: /home/projects/R7800-V1.0.0.40_gpl_src/staging_dir/host/bin
PATH: /home/projects/R7800-V1.0.0.40_gpl_src/staging_dir/toolchain-arm_v7-a_gcc-4.6-linaro_uClibc-0.9.33.2_eabi/bin
PATH: /home/projects/R7800-V1.0.0.40_gpl_src/staging_dir/host/bin
PATH: /usr/local/sbin
PATH: /usr/local/bin
PATH: /usr/sbin
PATH: /usr/bin
PATH: /sbin
PATH: /bin
PATH: /usr/games


## ----------- ##
## Core tests. ##
## ----------- ##

configure:2068: loading cache .././config.cache
configure:2467: checking build system type
configure:2481: result: x86_64-pc-linux-gnu
configure:2501: checking host system type
configure:2514: result: x86_64-pc-linux-gnu
configure:2534: checking target system type
configure:2547: result: arm-openwrt-linux-uclibcgnueabi
configure:2592: checking for x86_64-linux-gnu-gcc
configure:2619: result: x86_64-linux-gnu-gcc
configure:2888: checking for C compiler version
configure:2897: x86_64-linux-gnu-gcc --version >&5
x86_64-linux-gnu-gcc (Ubuntu/Linaro 4.6.3-1ubuntu5) 4.6.3
Copyright (C) 2011 Free Software Foundation, Inc.
This is free software; see the source for copying conditions.  There is NO
warranty; not even for MERCHANTABILITY or FITNESS FOR A PARTICULAR PURPOSE.

configure:2908: $? = 0
configure:2897: x86_64-linux-gnu-gcc -v >&5
Using built-in specs.
COLLECT_GCC=x86_64-linux-gnu-gcc
COLLECT_LTO_WRAPPER=/usr/lib/gcc/x86_64-linux-gnu/4.6/lto-wrapper
Target: x86_64-linux-gnu
Configured with: ../src/configure -v --with-pkgversion='Ubuntu/Linaro 4.6.3-1ubuntu5' --with-bugurl=file:///usr/share/doc/gcc-4.6/README.Bugs --enable-languages=c,c++,fortran,objc,obj-c++ --prefix=/usr --program-suffix=-4.6 --enable-shared --enable-linker-build-id --with-system-zlib --libexecdir=/usr/lib --without-included-gettext --enable-threads=posix --with-gxx-include-dir=/usr/include/c++/4.6 --libdir=/usr/lib --enable-nls --with-sysroot=/ --enable-clocale=gnu --enable-libstdcxx-debug --enable-libstdcxx-time=yes --enable-gnu-unique-object --enable-plugin --enable-objc-gc --disable-werror --with-arch-32=i686 --with-tune=generic --enable-checking=release --build=x86_64-linux-gnu --host=x86_64-linux-gnu --target=x86_64-linux-gnu
Thread model: posix
gcc version 4.6.3 (Ubuntu/Linaro 4.6.3-1ubuntu5) 
configure:2908: $? = 0
configure:2897: x86_64-linux-gnu-gcc -V >&5
x86_64-linux-gnu-gcc: error: unrecognized option '-V'
x86_64-linux-gnu-gcc: fatal error: no input files
compilation terminated.
configure:2908: $? = 4
configure:2897: x86_64-linux-gnu-gcc -qversion >&5
x86_64-linux-gnu-gcc: error: unrecognized option '-qversion'
x86_64-linux-gnu-gcc: fatal error: no input files
compilation terminated.
configure:2908: $? = 4
configure:2928: checking for C compiler default output file name
configure:2950: x86_64-linux-gnu-gcc -O2    conftest.c  >&5
configure:2954: $? = 0
configure:2991: result: a.out
configure:3007: checking whether the C compiler works
configure:3016: ./a.out
configure:3020: $? = 0
configure:3035: result: yes
configure:3042: checking whether we are cross compiling
configure:3044: result: no
configure:3047: checking for suffix of executables
configure:3054: x86_64-linux-gnu-gcc -o conftest -O2    conftest.c  >&5
configure:3058: $? = 0
configure:3080: result: 
configure:3086: checking for suffix of object files
configure:3133: result: o
configure:3137: checking whether we are using the GNU C compiler
configure:3165: result: yes
configure:3174: checking whether x86_64-linux-gnu-gcc accepts -g
configure:3235: result: yes
configure:3252: checking for x86_64-linux-gnu-gcc option to accept ISO C89
configure:3329: result: none needed
configure:3363: checking for a BSD-compatible install
configure:3431: result: /usr/bin/install -c
configure:3458: checking for x86_64-linux-gnu-ranlib
configure:3485: result: ranlib
configure:3562: checking whether NLS is requested
configure:3565: result: no
configure:3629: checking how to run the C preprocessor
configure:3660: x86_64-linux-gnu-gcc -E  conftest.c
configure:3660: $? = 0
configure:3674: x86_64-linux-gnu-gcc -E  conftest.c
conftest.c:9:28: fatal error: ac_nonexistent.h: No such file or directory
compilation terminated.
configure:3674: $? = 1
configure: failed program was:
| /* confdefs.h */
| #define PACKAGE_NAME ""
| #define PACKAGE_TARNAME ""
| #define PACKAGE_VERSION ""
| #define PACKAGE_STRING ""
| #define PACKAGE_BUGREPORT ""
| #define PACKAGE_URL ""
| /* end confdefs.h.  */
| #include <ac_nonexistent.h>
configure:3699: result: x86_64-linux-gnu-gcc -E
configure:3719: x86_64-linux-gnu-gcc -E  conftest.c
configure:3719: $? = 0
configure:3733: x86_64-linux-gnu-gcc -E  conftest.c
conftest.c:9:28: fatal error: ac_nonexistent.h: No such file or directory
compilation terminated.
configure:3733: $? = 1
configure: failed program was:
| /* confdefs.h */
| #define PACKAGE_NAME ""
| #define PACKAGE_TARNAME ""
| #define PACKAGE_VERSION ""
| #define PACKAGE_STRING ""
| #define PACKAGE_BUGREPORT ""
| #define PACKAGE_URL ""
| /* end confdefs.h.  */
| #include <ac_nonexistent.h>
configure:3762: checking for grep that handles long lines and -e
configure:3820: result: /bin/grep
configure:3825: checking for egrep
configure:3887: result: /bin/grep -E
configure:3892: checking for ANSI C header files
configure:3912: x86_64-linux-gnu-gcc -c -O2  conftest.c >&5
configure:3912: $? = 0
configure:3985: x86_64-linux-gnu-gcc -o conftest -O2    conftest.c  >&5
configure:3985: $? = 0
configure:3985: ./conftest
configure:3985: $? = 0
configure:3996: result: yes
configure:4009: checking for sys/types.h
configure:4009: x86_64-linux-gnu-gcc -c -O2  conftest.c >&5
configure:4009: $? = 0
configure:4009: result: yes
configure:4009: checking for sys/stat.h
configure:4009: x86_64-linux-gnu-gcc -c -O2  conftest.c >&5
configure:4009: $? = 0
configure:4009: result: yes
configure:4009: checking for stdlib.h
configure:4009: x86_64-linux-gnu-gcc -c -O2  conftest.c >&5
configure:4009: $? = 0
configure:4009: result: yes
configure:4009: checking for string.h
configure:4009: x86_64-linux-gnu-gcc -c -O2  conftest.c >&5
configure:4009: $? = 0
configure:4009: result: yes
configure:4009: checking for memory.h
configure:4009: x86_64-linux-gnu-gcc -c -O2  conftest.c >&5
configure:4009: $? = 0
configure:4009: result: yes
configure:4009: checking for strings.h
configure:4009: x86_64-linux-gnu-gcc -c -O2  conftest.c >&5
configure:4009: $? = 0
configure:4009: result: yes
configure:4009: checking for inttypes.h
configure:4009: x86_64-linux-gnu-gcc -c -O2  conftest.c >&5
configure:4009: $? = 0
configure:4009: result: yes
configure:4009: checking for stdint.h
configure:4009: x86_64-linux-gnu-gcc -c -O2  conftest.c >&5
configure:4009: $? = 0
configure:4009: result: yes
configure:4009: checking for unistd.h
configure:4009: x86_64-linux-gnu-gcc -c -O2  conftest.c >&5
configure:4009: $? = 0
configure:4009: result: yes
configure:4025: checking for stdlib.h
configure:4025: result: yes
configure:4025: checking for string.h
configure:4025: result: yes
configure:4025: checking for strings.h
configure:4025: result: yes
configure:4025: checking for unistd.h
configure:4025: result: yes
configure:4025: checking time.h usability
configure:4025: x86_64-linux-gnu-gcc -c -O2  conftest.c >&5
configure:4025: $? = 0
configure:4025: result: yes
configure:4025: checking time.h presence
configure:4025: x86_64-linux-gnu-gcc -E  conftest.c
configure:4025: $? = 0
configure:4025: result: yes
configure:4025: checking for time.h
configure:4025: result: yes
configure:4039: checking sys/time.h usability
configure:4039: x86_64-linux-gnu-gcc -c -O2  conftest.c >&5
configure:4039: $? = 0
configure:4039: result: yes
configure:4039: checking sys/time.h presence
configure:4039: x86_64-linux-gnu-gcc -E  conftest.c
configure:4039: $? = 0
configure:4039: result: yes
configure:4039: checking for sys/time.h
configure:4039: result: yes
configure:4039: checking sys/resource.h usability
configure:4039: x86_64-linux-gnu-gcc -c -O2  conftest.c >&5
configure:4039: $? = 0
configure:4039: result: yes
configure:4039: checking sys/resource.h presence
configure:4039: x86_64-linux-gnu-gcc -E  conftest.c
configure:4039: $? = 0
configure:4039: result: yes
configure:4039: checking for sys/resource.h
configure:4039: result: yes
configure:4053: checking fcntl.h usability
configure:4053: x86_64-linux-gnu-gcc -c -O2  conftest.c >&5
configure:4053: $? = 0
configure:4053: result: yes
configure:4053: checking fcntl.h presence
configure:4053: x86_64-linux-gnu-gcc -E  conftest.c
configure:4053: $? = 0
configure:4053: result: yes
configure:4053: checking for fcntl.h
configure:4053: result: yes
configure:4053: checking fpu_control.h usability
configure:4053: x86_64-linux-gnu-gcc -c -O2  conftest.c >&5
configure:4053: $? = 0
configure:4053: result: yes
configure:4053: checking fpu_control.h presence
configure:4053: x86_64-linux-gnu-gcc -E  conftest.c
configure:4053: $? = 0
configure:4053: result: yes
configure:4053: checking for fpu_control.h
configure:4053: result: yes
configure:4067: checking dlfcn.h usability
configure:4067: x86_64-linux-gnu-gcc -c -O2  conftest.c >&5
configure:4067: $? = 0
configure:4067: result: yes
configure:4067: checking dlfcn.h presence
configure:4067: x86_64-linux-gnu-gcc -E  conftest.c
configure:4067: $? = 0
configure:4067: result: yes
configure:4067: checking for dlfcn.h
configure:4067: result: yes
configure:4067: checking errno.h usability
configure:4067: x86_64-linux-gnu-gcc -c -O2  conftest.c >&5
configure:4067: $? = 0
configure:4067: result: yes
configure:4067: checking errno.h presence
configure:4067: x86_64-linux-gnu-gcc -E  conftest.c
configure:4067: $? = 0
configure:4067: result: yes
configure:4067: checking for errno.h
configure:4067: result: yes
configure:4067: checking for sys/stat.h
configure:4067: result: yes
configure:4081: checking for getrusage
configure:4081: x86_64-linux-gnu-gcc -o conftest -O2    conftest.c  >&5
configure:4081: $? = 0
configure:4081: result: yes
configure:4081: checking for time
configure:4081: x86_64-linux-gnu-gcc -o conftest -O2    conftest.c  >&5
configure:4081: $? = 0
configure:4081: result: yes
configure:4081: checking for sigaction
configure:4081: x86_64-linux-gnu-gcc -o conftest -O2    conftest.c  >&5
configure:4081: $? = 0
configure:4081: result: yes
configure:4081: checking for __setfpucw
configure:4081: x86_64-linux-gnu-gcc -o conftest -O2    conftest.c  >&5
/tmp/cc7dNsL4.o: In function `main':
conftest.c:(.text.startup+0x7): undefined reference to `__setfpucw'
collect2: ld returned 1 exit status
configure:4081: $? = 1
configure: failed program was:
| /* confdefs.h */
| #define PACKAGE_NAME ""
| #define PACKAGE_TARNAME ""
| #define PACKAGE_VERSION ""
| #define PACKAGE_STRING ""
| #define PACKAGE_BUGREPORT ""
| #define PACKAGE_URL ""
| #define STDC_HEADERS 1
| #define HAVE_SYS_TYPES_H 1
| #define HAVE_SYS_STAT_H 1
| #define HAVE_STDLIB_H 1
| #define HAVE_STRING_H 1
| #define HAVE_MEMORY_H 1
| #define HAVE_STRINGS_H 1
| #define HAVE_INTTYPES_H 1
| #define HAVE_STDINT_H 1
| #define HAVE_UNISTD_H 1
| #define HAVE_STDLIB_H 1
| #define HAVE_STRING_H 1
| #define HAVE_STRINGS_H 1
| #define HAVE_UNISTD_H 1
| #define HAVE_TIME_H 1
| #define HAVE_SYS_TIME_H 1
| #define HAVE_SYS_RESOURCE_H 1
| #define HAVE_FCNTL_H 1
| #define HAVE_FPU_CONTROL_H 1
| #define HAVE_DLFCN_H 1
| #define HAVE_ERRNO_H 1
| #define HAVE_SYS_STAT_H 1
| #define HAVE_GETRUSAGE 1
| #define HAVE_TIME 1
| #define HAVE_SIGACTION 1
| /* end confdefs.h.  */
| /* Define __setfpucw to an innocuous variant, in case <limits.h> declares __setfpucw.
|    For example, HP-UX 11i <limits.h> declares gettimeofday.  */
| #define __setfpucw innocuous___setfpucw
| 
| /* System header to define __stub macros and hopefully few prototypes,
|     which can conflict with char __setfpucw (); below.
|     Prefer <limits.h> to <assert.h> if __STDC__ is defined, since
|     <limits.h> exists even on freestanding compilers.  */
| 
| #ifdef __STDC__
| # include <limits.h>
| #else
| # include <assert.h>
| #endif
| 
| #undef __setfpucw
| 
| /* Override any GCC internal prototype to avoid an error.
|    Use char because int might match the return type of a GCC
|    builtin and then its argument prototype would still apply.  */
| #ifdef __cplusplus
| extern "C"
| #endif
| char __setfpucw ();
| /* The GNU C library defines this for functions which it implements
|     to always fail with ENOSYS.  Some functions are actually named
|     something starting with __ and the normal name is an alias.  */
| #if defined __stub___setfpucw || defined __stub_____setfpucw
| choke me
| #endif
| 
| int
| main ()
| {
| return __setfpucw ();
|   ;
|   return 0;
| }
configure:4081: result: no
configure:4093: checking for bind in -lsocket
configure:4118: x86_64-linux-gnu-gcc -o conftest -O2    conftest.c -lsocket   >&5
/usr/bin/ld: cannot find -lsocket
collect2: ld returned 1 exit status
configure:4118: $? = 1
configure: failed program was:
| /* confdefs.h */
| #define PACKAGE_NAME ""
| #define PACKAGE_TARNAME ""
| #define PACKAGE_VERSION ""
| #define PACKAGE_STRING ""
| #define PACKAGE_BUGREPORT ""
| #define PACKAGE_URL ""
| #define STDC_HEADERS 1
| #define HAVE_SYS_TYPES_H 1
| #define HAVE_SYS_STAT_H 1
| #define HAVE_STDLIB_H 1
| #define HAVE_STRING_H 1
| #define HAVE_MEMORY_H 1
| #define HAVE_STRINGS_H 1
| #define HAVE_INTTYPES_H 1
| #define HAVE_STDINT_H 1
| #define HAVE_UNISTD_H 1
| #define HAVE_STDLIB_H 1
| #define HAVE_STRING_H 1
| #define HAVE_STRINGS_H 1
| #define HAVE_UNISTD_H 1
| #define HAVE_TIME_H 1
| #define HAVE_SYS_TIME_H 1
| #define HAVE_SYS_RESOURCE_H 1
| #define HAVE_FCNTL_H 1
| #define HAVE_FPU_CONTROL_H 1
| #define HAVE_DLFCN_H 1
| #define HAVE_ERRNO_H 1
| #define HAVE_SYS_STAT_H 1
| #define HAVE_GETRUSAGE 1
| #define HAVE_TIME 1
| #define HAVE_SIGACTION 1
| /* end confdefs.h.  */
| 
| /* Override any GCC internal prototype to avoid an error.
|    Use char because int might match the return type of a GCC
|    builtin and then its argument prototype would still apply.  */
| #ifdef __cplusplus
| extern "C"
| #endif
| char bind ();
| int
| main ()
| {
| return bind ();
|   ;
|   return 0;
| }
configure:4127: result: no
configure:4138: checking for gethostbyname in -lnsl
configure:4163: x86_64-linux-gnu-gcc -o conftest -O2    conftest.c -lnsl   >&5
configure:4163: $? = 0
configure:4172: result: yes
configure:4198: checking for library containing zlibVersion
configure:4229: x86_64-linux-gnu-gcc -o conftest -O2    conftest.c -lnsl  >&5
/tmp/cc9Tkdk8.o: In function `main':
conftest.c:(.text.startup+0x7): undefined reference to `zlibVersion'
collect2: ld returned 1 exit status
configure:4229: $? = 1
configure: failed program was:
| /* confdefs.h */
| #define PACKAGE_NAME ""
| #define PACKAGE_TARNAME ""
| #define PACKAGE_VERSION ""
| #define PACKAGE_STRING ""
| #define PACKAGE_BUGREPORT ""
| #define PACKAGE_URL ""
| #define STDC_HEADERS 1
| #define HAVE_SYS_TYPES_H 1
| #define HAVE_SYS_STAT_H 1
| #define HAVE_STDLIB_H 1
| #define HAVE_STRING_H 1
| #define HAVE_MEMORY_H 1
| #define HAVE_STRINGS_H 1
| #define HAVE_INTTYPES_H 1
| #define HAVE_STDINT_H 1
| #define HAVE_UNISTD_H 1
| #define HAVE_STDLIB_H 1
| #define HAVE_STRING_H 1
| #define HAVE_STRINGS_H 1
| #define HAVE_UNISTD_H 1
| #define HAVE_TIME_H 1
| #define HAVE_SYS_TIME_H 1
| #define HAVE_SYS_RESOURCE_H 1
| #define HAVE_FCNTL_H 1
| #define HAVE_FPU_CONTROL_H 1
| #define HAVE_DLFCN_H 1
| #define HAVE_ERRNO_H 1
| #define HAVE_SYS_STAT_H 1
| #define HAVE_GETRUSAGE 1
| #define HAVE_TIME 1
| #define HAVE_SIGACTION 1
| #define HAVE_LIBNSL 1
| /* end confdefs.h.  */
| 
| /* Override any GCC internal prototype to avoid an error.
|    Use char because int might match the return type of a GCC
|    builtin and then its argument prototype would still apply.  */
| #ifdef __cplusplus
| extern "C"
| #endif
| char zlibVersion ();
| int
| main ()
| {
| return zlibVersion ();
|   ;
|   return 0;
| }
configure:4229: x86_64-linux-gnu-gcc -o conftest -O2    conftest.c -lz  -lnsl  >&5
configure:4229: $? = 0
configure:4246: result: -lz
configure:4253: checking zlib.h usability
configure:4253: x86_64-linux-gnu-gcc -c -O2  conftest.c >&5
configure:4253: $? = 0
configure:4253: result: yes
configure:4253: checking zlib.h presence
configure:4253: x86_64-linux-gnu-gcc -E  conftest.c
configure:4253: $? = 0
configure:4253: result: yes
configure:4253: checking for zlib.h
configure:4253: result: yes
configure:4466: checking return type of signal handlers
configure:4484: x86_64-linux-gnu-gcc -c -O2  conftest.c >&5
conftest.c: In function 'main':
conftest.c:44:1: error: void value not ignored as it ought to be
configure:4484: $? = 1
configure: failed program was:
| /* confdefs.h */
| #define PACKAGE_NAME ""
| #define PACKAGE_TARNAME ""
| #define PACKAGE_VERSION ""
| #define PACKAGE_STRING ""
| #define PACKAGE_BUGREPORT ""
| #define PACKAGE_URL ""
| #define STDC_HEADERS 1
| #define HAVE_SYS_TYPES_H 1
| #define HAVE_SYS_STAT_H 1
| #define HAVE_STDLIB_H 1
| #define HAVE_STRING_H 1
| #define HAVE_MEMORY_H 1
| #define HAVE_STRINGS_H 1
| #define HAVE_INTTYPES_H 1
| #define HAVE_STDINT_H 1
| #define HAVE_UNISTD_H 1
| #define HAVE_STDLIB_H 1
| #define HAVE_STRING_H 1
| #define HAVE_STRINGS_H 1
| #define HAVE_UNISTD_H 1
| #define HAVE_TIME_H 1
| #define HAVE_SYS_TIME_H 1
| #define HAVE_SYS_RESOURCE_H 1
| #define HAVE_FCNTL_H 1
| #define HAVE_FPU_CONTROL_H 1
| #define HAVE_DLFCN_H 1
| #define HAVE_ERRNO_H 1
| #define HAVE_SYS_STAT_H 1
| #define HAVE_GETRUSAGE 1
| #define HAVE_TIME 1
| #define HAVE_SIGACTION 1
| #define HAVE_LIBNSL 1
| #define HAVE_ZLIB_H 1
| #define PKGVERSION "(GDB) "
| #define REPORT_BUGS_TO "<http://www.gnu.org/software/gdb/bugs/>"
| /* end confdefs.h.  */
| #include <sys/types.h>
| #include <signal.h>
| 
| int
| main ()
| {
| return *(signal (0, 0)) (0) == 1;
|   ;
|   return 0;
| }
configure:4491: result: void
configure:4524: checking for unistd.h
configure:4524: result: yes
configure:4524: checking for stdint.h
configure:4524: result: yes
configure:4630: updating cache .././config.cache
configure:4667: creating ./config.status

## ---------------------- ##
## Running config.status. ##
## ---------------------- ##

This file was extended by config.status, which was
generated by GNU Autoconf 2.64.  Invocation command line was

  CONFIG_FILES    = 
  CONFIG_HEADERS  = 
  CONFIG_LINKS    = 
  CONFIG_COMMANDS = 
  $ ./config.status 

on kubuntu12

config.status:898: creating Makefile.sim
config.status:898: creating Make-common.sim
config.status:898: creating .gdbinit
config.status:898: creating config.h
config.status:1090: linking tconfig.in to tconfig.h
config.status:1090: linking ../common/nltvals.def to targ-vals.def
config.status:1109: executing Makefile commands
config.status:1109: executing stamp-h commands

## ---------------- ##
## Cache variables. ##
## ---------------- ##

ac_cv_build=x86_64-pc-linux-gnu
ac_cv_c_compiler_gnu=yes
ac_cv_env_CC_set=set
ac_cv_env_CC_value=x86_64-linux-gnu-gcc
ac_cv_env_CFLAGS_set=set
ac_cv_env_CFLAGS_value=-O2
ac_cv_env_CPPFLAGS_set=
ac_cv_env_CPPFLAGS_value=
ac_cv_env_CPP_set=
ac_cv_env_CPP_value=
ac_cv_env_LDFLAGS_set=set
ac_cv_env_LDFLAGS_value=' '
ac_cv_env_LIBS_set=
ac_cv_env_LIBS_value=
ac_cv_env_build_alias_set=set
ac_cv_env_build_alias_value=x86_64-linux-gnu
ac_cv_env_host_alias_set=set
ac_cv_env_host_alias_value=x86_64-linux-gnu
ac_cv_env_target_alias_set=set
ac_cv_env_target_alias_value=arm-openwrt-linux-uclibcgnueabi
ac_cv_func___setfpucw=no
ac_cv_func_getrusage=yes
ac_cv_func_sigaction=yes
ac_cv_func_time=yes
ac_cv_header_dlfcn_h=yes
ac_cv_header_errno_h=yes
ac_cv_header_fcntl_h=yes
ac_cv_header_fpu_control_h=yes
ac_cv_header_inttypes_h=yes
ac_cv_header_memory_h=yes
ac_cv_header_stdc=yes
ac_cv_header_stdint_h=yes
ac_cv_header_stdlib_h=yes
ac_cv_header_string_h=yes
ac_cv_header_strings_h=yes
ac_cv_header_sys_resource_h=yes
ac_cv_header_sys_stat_h=yes
ac_cv_header_sys_time_h=yes
ac_cv_header_sys_types_h=yes
ac_cv_header_time_h=yes
ac_cv_header_unistd_h=yes
ac_cv_header_zlib_h=yes
ac_cv_host=x86_64-pc-linux-gnu
ac_cv_lib_nsl_gethostbyname=yes
ac_cv_lib_socket_bind=no
ac_cv_objext=o
ac_cv_path_EGREP='/bin/grep -E'
ac_cv_path_GREP=/bin/grep
ac_cv_prog_AR=ar
ac_cv_prog_CC=x86_64-linux-gnu-gcc
ac_cv_prog_CPP='x86_64-linux-gnu-gcc -E'
ac_cv_prog_RANLIB=ranlib
ac_cv_prog_cc_c89=
ac_cv_prog_cc_g=yes
ac_cv_search_zlibVersion=-lz
ac_cv_target=arm-openwrt-linux-uclibcgnueabi
ac_cv_type_signal=void

## ----------------- ##
## Output variables. ##
## ----------------- ##

AR='ar'
CATALOGS=''
CATOBJEXT=''
CC='x86_64-linux-gnu-gcc'
CC_FOR_BUILD='$(CC)'
CFLAGS='-O2'
COPRO='armcopro.o maverick.o iwmmxt.o'
CPP='x86_64-linux-gnu-gcc -E'
CPPFLAGS=''
DATADIRNAME=''
DEFS='-DHAVE_CONFIG_H'
ECHO_C=''
ECHO_N='-n'
ECHO_T=''
EGREP='/bin/grep -E'
EXEEXT=''
GENCAT=''
GMSGFMT='/usr/bin/msgfmt'
GREP='/bin/grep'
HDEFINES=''
INCINTL=''
INSTALL_DATA='/usr/bin/install -c -m 644'
INSTALL_PROGRAM='/usr/bin/install -c'
INSTALL_SCRIPT='/usr/bin/install -c'
INSTOBJEXT=''
LDFLAGS=' '
LIBINTL=''
LIBINTL_DEP=''
LIBOBJS=''
LIBS='-lz -lnsl '
LTLIBOBJS=''
MAINT='#'
OBJEXT='o'
PACKAGE_BUGREPORT=''
PACKAGE_NAME=''
PACKAGE_STRING=''
PACKAGE_TARNAME=''
PACKAGE_URL=''
PACKAGE_VERSION=''
PATH_SEPARATOR=':'
PKGVERSION='(GDB) '
POSUB=''
RANLIB='ranlib'
REPORT_BUGS_TEXI='@uref{http://www.gnu.org/software/gdb/bugs/}'
REPORT_BUGS_TO='<http://www.gnu.org/software/gdb/bugs/>'
SHELL='/bin/bash'
USE_NLS='no'
WARN_CFLAGS=''
WERROR_CFLAGS=''
XGETTEXT='/usr/bin/xgettext'
ac_ct_CC=''
bindir='${exec_prefix}/bin'
build='x86_64-pc-linux-gnu'
build_alias='x86_64-linux-gnu'
build_cpu='x86_64'
build_os='linux-gnu'
build_vendor='pc'
cgen_breaks=''
datadir='${datarootdir}'
datarootdir='${prefix}/share'
docdir='${datarootdir}/doc/${PACKAGE}'
dvidir='${docdir}'
exec_prefix='${prefix}'
host='x86_64-pc-linux-gnu'
host_alias='x86_64-linux-gnu'
host_cpu='x86_64'
host_os='linux-gnu'
host_vendor='pc'
htmldir='${docdir}'
includedir='${prefix}/include'
infodir='${datarootdir}/info'
libdir='${exec_prefix}/lib'
libexecdir='${exec_prefix}/libexec'
localedir='${datarootdir}/locale'
localstatedir='${prefix}/var'
mandir='${datarootdir}/man'
oldincludedir='/usr/include'
pdfdir='${docdir}'
prefix='/home/projects/R7800-V1.0.0.40_gpl_src/staging_dir/toolchain-arm_v7-a_gcc-4.6-linaro_uClibc-0.9.33.2_eabi'
program_transform_name='s&^&arm-openwrt-linux-uclibcgnueabi-&'
psdir='${docdir}'
sbindir='${exec_prefix}/sbin'
sharedstatedir='${prefix}/com'
sim_alignment=''
sim_assert=''
sim_bitsize=''
sim_bswap=''
sim_cflags=''
sim_debug=''
sim_default_model=''
sim_endian=''
sim_environment=''
sim_float=''
sim_hostendian=''
sim_hw=''
sim_hw_cflags=''
sim_hw_objs=''
sim_inline='-DDEFAULT_INLINE=0'
sim_packages=''
sim_profile='-DPROFILE=1 -DWITH_PROFILE=-1'
sim_regparm=''
sim_reserved_bits=''
sim_scache=''
sim_smp=''
sim_stdcall=''
sim_stdio=''
sim_trace=''
sim_xor_endian=''
sysconfdir='${prefix}/etc'
target='arm-openwrt-linux-uclibcgnueabi'
target_alias='arm-openwrt-linux-uclibcgnueabi'
target_cpu='arm'
target_os='linux-uclibcgnueabi'
target_vendor='openwrt'

## ----------- ##
## confdefs.h. ##
## ----------- ##

/* confdefs.h */
#define PACKAGE_NAME ""
#define PACKAGE_TARNAME ""
#define PACKAGE_VERSION ""
#define PACKAGE_STRING ""
#define PACKAGE_BUGREPORT ""
#define PACKAGE_URL ""
#define STDC_HEADERS 1
#define HAVE_SYS_TYPES_H 1
#define HAVE_SYS_STAT_H 1
#define HAVE_STDLIB_H 1
#define HAVE_STRING_H 1
#define HAVE_MEMORY_H 1
#define HAVE_STRINGS_H 1
#define HAVE_INTTYPES_H 1
#define HAVE_STDINT_H 1
#define HAVE_UNISTD_H 1
#define HAVE_STDLIB_H 1
#define HAVE_STRING_H 1
#define HAVE_STRINGS_H 1
#define HAVE_UNISTD_H 1
#define HAVE_TIME_H 1
#define HAVE_SYS_TIME_H 1
#define HAVE_SYS_RESOURCE_H 1
#define HAVE_FCNTL_H 1
#define HAVE_FPU_CONTROL_H 1
#define HAVE_DLFCN_H 1
#define HAVE_ERRNO_H 1
#define HAVE_SYS_STAT_H 1
#define HAVE_GETRUSAGE 1
#define HAVE_TIME 1
#define HAVE_SIGACTION 1
#define HAVE_LIBNSL 1
#define HAVE_ZLIB_H 1
#define PKGVERSION "(GDB) "
#define REPORT_BUGS_TO "<http://www.gnu.org/software/gdb/bugs/>"
#define RETSIGTYPE void
#define HAVE_UNISTD_H 1
#define HAVE_STDINT_H 1

configure: exit 0
